This is pdfTeX, Version 3.141592653-2.6-1.40.25 (MiKTeX 23.4 NEXT) (preloaded format=pdflatex 2023.4.30)  3 OCT 2025 14:55
entering extended mode
 restricted \write18 enabled.
 %&-line parsing enabled.
**./dce_draft.tex
(dce_draft.tex
LaTeX2e <2022-11-01> patch level 1
L3 programming layer <2023-03-30>
(C:\Program Files\MiKTeX\tex/latex/elsarticle\elsarticle.cls
Document Class: elsarticle 2020/11/20, 3.3: Elsevier Ltd
(C:\Program Files\MiKTeX\tex/latex/l3kernel\expl3.sty
Package: expl3 2023-03-30 L3 programming layer (loader) 

(C:\Program Files\MiKTeX\tex/latex/l3backend\l3backend-pdftex.def
File: l3backend-pdftex.def 2023-03-30 L3 backend support: PDF output (pdfTeX)
\l__color_backend_stack_int=\count185
\l__pdf_internal_box=\box51
))
(C:\Program Files\MiKTeX\tex/latex/l3packages/xparse\xparse.sty
Package: xparse 2023-02-02 L3 Experimental document command parser
)
(C:\Program Files\MiKTeX\tex/latex/etoolbox\etoolbox.sty
Package: etoolbox 2020/10/05 v2.5k e-TeX tools for LaTeX (JAW)
\etb@tempcnta=\count186
)
\@bls=\dimen140

(C:\Program Files\MiKTeX\tex/latex/base\article.cls
Document Class: article 2022/07/02 v1.4n Standard LaTeX document class
(C:\Program Files\MiKTeX\tex/latex/base\size11.clo
File: size11.clo 2022/07/02 v1.4n Standard LaTeX file (size option)
)
\c@part=\count187
\c@section=\count188
\c@subsection=\count189
\c@subsubsection=\count190
\c@paragraph=\count191
\c@subparagraph=\count192
\c@figure=\count193
\c@table=\count194
\abovecaptionskip=\skip48
\belowcaptionskip=\skip49
\bibindent=\dimen141
)
(C:\Program Files\MiKTeX\tex/latex/graphics\graphicx.sty
Package: graphicx 2021/09/16 v1.2d Enhanced LaTeX Graphics (DPC,SPQR)

(C:\Program Files\MiKTeX\tex/latex/graphics\keyval.sty
Package: keyval 2022/05/29 v1.15 key=value parser (DPC)
\KV@toks@=\toks16
)
(C:\Program Files\MiKTeX\tex/latex/graphics\graphics.sty
Package: graphics 2022/03/10 v1.4e Standard LaTeX Graphics (DPC,SPQR)

(C:\Program Files\MiKTeX\tex/latex/graphics\trig.sty
Package: trig 2021/08/11 v1.11 sin cos tan (DPC)
)
(C:\Program Files\MiKTeX\tex/latex/graphics-cfg\graphics.cfg
File: graphics.cfg 2016/06/04 v1.11 sample graphics configuration
)
Package graphics Info: Driver file: pdftex.def on input line 107.

(C:\Program Files\MiKTeX\tex/latex/graphics-def\pdftex.def
File: pdftex.def 2022/09/22 v1.2b Graphics/color driver for pdftex
))
\Gin@req@height=\dimen142
\Gin@req@width=\dimen143
)
\c@tnote=\count195
\c@fnote=\count196
\c@cnote=\count197
\c@ead=\count198
\c@author=\count199
\@eadauthor=\toks17
\c@affn=\count266
\absbox=\box52
\elsarticlehighlightsbox=\box53
\elsarticlegrabsbox=\box54
\keybox=\box55
\Columnwidth=\dimen144
\space@left=\dimen145
\els@boxa=\box56
\els@boxb=\box57
\leftMargin=\dimen146
\@enLab=\toks18
\@sep=\skip50
\@@sep=\skip51
 (dce_draft.spl)
(C:\Program Files\MiKTeX\tex/latex/natbib\natbib.sty
Package: natbib 2010/09/13 8.31b (PWD, AO)
\bibhang=\skip52
\bibsep=\skip53
LaTeX Info: Redefining \cite on input line 694.
\c@NAT@ctr=\count267
)
\splwrite=\write3
\openout3 = `dce_draft.spl'.


(C:\Users\ni3054ch\AppData\Roaming\MiKTeX\tex/latex/geometry\geometry.sty
Package: geometry 2020/01/02 v5.9 Page Geometry

(C:\Program Files\MiKTeX\tex/generic/iftex\ifvtex.sty
Package: ifvtex 2019/10/25 v1.7 ifvtex legacy package. Use iftex instead.

(C:\Program Files\MiKTeX\tex/generic/iftex\iftex.sty
Package: iftex 2022/02/03 v1.0f TeX engine tests
))
\Gm@cnth=\count268
\Gm@cntv=\count269
\c@Gm@tempcnt=\count270
\Gm@bindingoffset=\dimen147
\Gm@wd@mp=\dimen148
\Gm@odd@mp=\dimen149
\Gm@even@mp=\dimen150
\Gm@layoutwidth=\dimen151
\Gm@layoutheight=\dimen152
\Gm@layouthoffset=\dimen153
\Gm@layoutvoffset=\dimen154
\Gm@dimlist=\toks19

(C:\Users\ni3054ch\AppData\Roaming\MiKTeX\tex/latex/geometry\geometry.cfg))
\appnamewidth=\dimen155
)
(C:\Program Files\MiKTeX\tex/latex/lipsum\lipsum.sty
(C:\Program Files\MiKTeX\tex/latex/l3packages/l3keys2e\l3keys2e.sty
Package: l3keys2e 2023-02-02 LaTeX2e option processing using LaTeX3 keys
)
Package: lipsum 2021-09-20 v2.7 150 paragraphs of Lorem Ipsum dummy text
\g__lipsum_par_int=\count271
\l__lipsum_a_int=\count272
\l__lipsum_b_int=\count273

(C:\Program Files\MiKTeX\tex/latex/lipsum\lipsum.ltd.tex))
(C:\Program Files\MiKTeX\tex/latex/amsfonts\amssymb.sty
Package: amssymb 2013/01/14 v3.01 AMS font symbols

(C:\Program Files\MiKTeX\tex/latex/amsfonts\amsfonts.sty
Package: amsfonts 2013/01/14 v3.01 Basic AMSFonts support
\@emptytoks=\toks20
\symAMSa=\mathgroup4
\symAMSb=\mathgroup5
LaTeX Font Info:    Redeclaring math symbol \hbar on input line 98.
LaTeX Font Info:    Overwriting math alphabet `\mathfrak' in version `bold'
(Font)                  U/euf/m/n --> U/euf/b/n on input line 106.
))
(C:\Program Files\MiKTeX\tex/latex/amsmath\amsmath.sty
Package: amsmath 2022/04/08 v2.17n AMS math features
\@mathmargin=\skip54

For additional information on amsmath, use the `?' option.
(C:\Program Files\MiKTeX\tex/latex/amsmath\amstext.sty
Package: amstext 2021/08/26 v2.01 AMS text

(C:\Program Files\MiKTeX\tex/latex/amsmath\amsgen.sty
File: amsgen.sty 1999/11/30 v2.0 generic functions
\@emptytoks=\toks21
\ex@=\dimen156
))
(C:\Program Files\MiKTeX\tex/latex/amsmath\amsbsy.sty
Package: amsbsy 1999/11/29 v1.2d Bold Symbols
\pmbraise@=\dimen157
)
(C:\Program Files\MiKTeX\tex/latex/amsmath\amsopn.sty
Package: amsopn 2022/04/08 v2.04 operator names
)
\inf@bad=\count274
LaTeX Info: Redefining \frac on input line 234.
\uproot@=\count275
\leftroot@=\count276
LaTeX Info: Redefining \overline on input line 399.
LaTeX Info: Redefining \colon on input line 410.
\classnum@=\count277
\DOTSCASE@=\count278
LaTeX Info: Redefining \ldots on input line 496.
LaTeX Info: Redefining \dots on input line 499.
LaTeX Info: Redefining \cdots on input line 620.
\Mathstrutbox@=\box58
\strutbox@=\box59
LaTeX Info: Redefining \big on input line 722.
LaTeX Info: Redefining \Big on input line 723.
LaTeX Info: Redefining \bigg on input line 724.
LaTeX Info: Redefining \Bigg on input line 725.
\big@size=\dimen158
LaTeX Font Info:    Redeclaring font encoding OML on input line 743.
LaTeX Font Info:    Redeclaring font encoding OMS on input line 744.
\macc@depth=\count279
LaTeX Info: Redefining \bmod on input line 905.
LaTeX Info: Redefining \pmod on input line 910.
LaTeX Info: Redefining \smash on input line 940.
LaTeX Info: Redefining \relbar on input line 970.
LaTeX Info: Redefining \Relbar on input line 971.
\c@MaxMatrixCols=\count280
\dotsspace@=\muskip16
\c@parentequation=\count281
\dspbrk@lvl=\count282
\tag@help=\toks22
\row@=\count283
\column@=\count284
\maxfields@=\count285
\andhelp@=\toks23
\eqnshift@=\dimen159
\alignsep@=\dimen160
\tagshift@=\dimen161
\tagwidth@=\dimen162
\totwidth@=\dimen163
\lineht@=\dimen164
\@envbody=\toks24
\multlinegap=\skip55
\multlinetaggap=\skip56
\mathdisplay@stack=\toks25
LaTeX Info: Redefining \[ on input line 2953.
LaTeX Info: Redefining \] on input line 2954.
)
(C:\Users\ni3054ch\AppData\Roaming\MiKTeX\tex/latex/booktabs\booktabs.sty
Package: booktabs 2020/01/12 v1.61803398 Publication quality tables
\heavyrulewidth=\dimen165
\lightrulewidth=\dimen166
\cmidrulewidth=\dimen167
\belowrulesep=\dimen168
\belowbottomsep=\dimen169
\aboverulesep=\dimen170
\abovetopsep=\dimen171
\cmidrulesep=\dimen172
\cmidrulekern=\dimen173
\defaultaddspace=\dimen174
\@cmidla=\count286
\@cmidlb=\count287
\@aboverulesep=\dimen175
\@belowrulesep=\dimen176
\@thisruleclass=\count288
\@lastruleclass=\count289
\@thisrulewidth=\dimen177
)
(C:\Program Files\MiKTeX\tex/latex/tools\longtable.sty
Package: longtable 2021-09-01 v4.17 Multi-page Table package (DPC)
\LTleft=\skip57
\LTright=\skip58
\LTpre=\skip59
\LTpost=\skip60
\LTchunksize=\count290
\LTcapwidth=\dimen178
\LT@head=\box60
\LT@firsthead=\box61
\LT@foot=\box62
\LT@lastfoot=\box63
\LT@gbox=\box64
\LT@cols=\count291
\LT@rows=\count292
\c@LT@tables=\count293
\c@LT@chunks=\count294
\LT@p@ftn=\toks26
)
(C:\Program Files\MiKTeX\tex/latex/tools\array.sty
Package: array 2022/09/04 v2.5g Tabular extension package (FMi)
\col@sep=\dimen179
\ar@mcellbox=\box65
\extrarowheight=\dimen180
\NC@list=\toks27
\extratabsurround=\skip61
\backup@length=\skip62
\ar@cellbox=\box66
)
(C:\Users\ni3054ch\AppData\Roaming\MiKTeX\tex/latex/multirow\multirow.sty
Package: multirow 2021/03/15 v2.8 Span multiple rows of a table
\multirow@colwidth=\skip63
\multirow@cntb=\count295
\multirow@dima=\skip64
\bigstrutjot=\dimen181
)
(C:\Users\ni3054ch\AppData\Roaming\MiKTeX\tex/latex/wrapfig\wrapfig.sty
\wrapoverhang=\dimen182
\WF@size=\dimen183
\c@WF@wrappedlines=\count296
\WF@box=\box67
\WF@everypar=\toks28
Package: wrapfig 2003/01/31  v 3.6
)
(C:\Users\ni3054ch\AppData\Roaming\MiKTeX\tex/latex/float\float.sty
Package: float 2001/11/08 v1.3d Float enhancements (AL)
\c@float@type=\count297
\float@exts=\toks29
\float@box=\box68
\@float@everytoks=\toks30
\@floatcapt=\box69
)
(C:\Users\ni3054ch\AppData\Roaming\MiKTeX\tex/latex/colortbl\colortbl.sty
Package: colortbl 2022/06/20 v1.0f Color table columns (DPC)

(C:\Program Files\MiKTeX\tex/latex/graphics\color.sty
Package: color 2022/01/06 v1.3d Standard LaTeX Color (DPC)

(C:\Program Files\MiKTeX\tex/latex/graphics-cfg\color.cfg
File: color.cfg 2016/01/02 v1.6 sample color configuration
)
Package color Info: Driver file: pdftex.def on input line 149.

(C:\Program Files\MiKTeX\tex/latex/graphics\mathcolor.ltx))
\everycr=\toks31
\minrowclearance=\skip65
\rownum=\count298
)
(C:\Users\ni3054ch\AppData\Roaming\MiKTeX\tex/latex/pdflscape\pdflscape.sty
Package: pdflscape 2022-10-27 v0.13 Display of landscape pages in PDF

(C:\Users\ni3054ch\AppData\Roaming\MiKTeX\tex/latex/pdflscape\pdflscape-nometad
ata.sty
Package: pdflscape-nometadata 2022-10-28 v0.13 Display of landscape pages in PD
F (HO)
 (C:\Program Files\MiKTeX\tex/latex/graphics\lscape.sty
Package: lscape 2020/05/28 v3.02 Landscape Pages (DPC)
)
Package pdflscape Info: Auto-detected driver: pdftex on input line 81.
))
(C:\Program Files\MiKTeX\tex/latex/tabu\tabu.sty
Package: tabu 2019/01/11 v2.9 - flexible LaTeX tabulars (FC+tabu-fixed)

(C:\Program Files\MiKTeX\tex/latex/varwidth\varwidth.sty
Package: varwidth 2009/03/30 ver 0.92;  Variable-width minipages
\@vwid@box=\box70
\sift@deathcycles=\count299
\@vwid@loff=\dimen184
\@vwid@roff=\dimen185
)
\c@taburow=\count300
\tabu@nbcols=\count301
\tabu@cnt=\count302
\tabu@Xcol=\count303
\tabu@alloc=\count304
\tabu@nested=\count305
\tabu@target=\dimen186
\tabu@spreadtarget=\dimen187
\tabu@naturalX=\dimen188
\tabucolX=\dimen189
\tabu@Xsum=\dimen190
\extrarowdepth=\dimen191
\abovetabulinesep=\dimen192
\belowtabulinesep=\dimen193
\tabustrutrule=\dimen194
\tabu@thebody=\toks32
\tabu@footnotes=\toks33
\tabu@box=\box71
\tabu@arstrutbox=\box72
\tabu@hleads=\box73
\tabu@vleads=\box74
\tabu@cellskip=\skip66
)
(C:\Program Files\MiKTeX\tex/latex/threeparttable\threeparttable.sty
Package: threeparttable 2003/06/13  v 3.0
\@tempboxb=\box75
)
(C:\Program Files\MiKTeX\tex/latex/threeparttablex\threeparttablex.sty
Package: threeparttablex 2013/07/23 v0.3 by daleif

(C:\Program Files\MiKTeX\tex/latex/environ\environ.sty
Package: environ 2014/05/04 v0.3 A new way to define environments

(C:\Program Files\MiKTeX\tex/latex/trimspaces\trimspaces.sty
Package: trimspaces 2009/09/17 v1.1 Trim spaces around a token list
))
\TPTL@width=\skip67
)
(C:\Program Files\MiKTeX\tex/latex/ulem\ulem.sty
\UL@box=\box76
\UL@hyphenbox=\box77
\UL@skip=\skip68
\UL@hook=\toks34
\UL@height=\dimen195
\UL@pe=\count306
\UL@pixel=\dimen196
\ULC@box=\box78
Package: ulem 2019/11/18
\ULdepth=\dimen197
)
(C:\Program Files\MiKTeX\tex/latex/makecell\makecell.sty
Package: makecell 2009/08/03 V0.1e Managing of Tab Column Heads and Cells
\rotheadsize=\dimen198
\c@nlinenum=\count307
\TeXr@lab=\toks35
)
(C:\Program Files\MiKTeX\tex/latex/xcolor\xcolor.sty
Package: xcolor 2022/06/12 v2.14 LaTeX color extensions (UK)

(C:\Program Files\MiKTeX\tex/latex/graphics-cfg\color.cfg
File: color.cfg 2016/01/02 v1.6 sample color configuration
)
Package xcolor Info: Driver file: pdftex.def on input line 227.
LaTeX Info: Redefining \color on input line 711.

(C:\Program Files\MiKTeX\tex/latex/graphics\mathcolor.ltx)
Package xcolor Info: Model `cmy' substituted by `cmy0' on input line 1353.
Package xcolor Info: Model `hsb' substituted by `rgb' on input line 1357.
Package xcolor Info: Model `RGB' extended on input line 1369.
Package xcolor Info: Model `HTML' substituted by `rgb' on input line 1371.
Package xcolor Info: Model `Hsb' substituted by `hsb' on input line 1372.
Package xcolor Info: Model `tHsb' substituted by `hsb' on input line 1373.
Package xcolor Info: Model `HSB' substituted by `hsb' on input line 1374.
Package xcolor Info: Model `Gray' substituted by `gray' on input line 1375.
Package xcolor Info: Model `wave' substituted by `hsb' on input line 1376.
)
(C:\Program Files\MiKTeX\tex/latex/tools\dcolumn.sty
Package: dcolumn 2014/10/28 v1.06 decimal alignment package (DPC)
)
(C:\Program Files\MiKTeX\tex/latex/caption\caption.sty
Package: caption 2023/03/12 v3.6j Customizing captions (AR)

(C:\Program Files\MiKTeX\tex/latex/caption\caption3.sty
Package: caption3 2023/03/12 v2.4 caption3 kernel (AR)
\caption@tempdima=\dimen199
\captionmargin=\dimen256
\caption@leftmargin=\dimen257
\caption@rightmargin=\dimen258
\caption@width=\dimen259
\caption@indent=\dimen260
\caption@parindent=\dimen261
\caption@hangindent=\dimen262
Package caption Info: elsarticle document class detected.

(C:\Program Files\MiKTeX\tex/latex/caption\caption-elsarticle.sto
File: caption-elsarticle.sto 2020/08/22 v2.0 Adaption of the caption package to
 the elsarticle document class (AR)
))
\c@caption@flags=\count308
\c@continuedfloat=\count309
Package caption Info: float package is loaded.
Package caption Info: longtable package is loaded.

(C:\Program Files\MiKTeX\tex/latex/caption\ltcaption.sty
Package: ltcaption 2021/01/08 v1.4c longtable captions (AR)
)
Package caption Info: threeparttable package is loaded.
Package caption Info: wrapfig package is loaded.
)
(C:\Program Files\MiKTeX\tex/latex/setspace\setspace.sty
Package: setspace 2022/12/04 v6.7b set line spacing
)
(C:\Program Files\MiKTeX\tex/latex/graphics\rotating.sty
Package: rotating 2016/08/11 v2.16d rotated objects in LaTeX

(C:\Program Files\MiKTeX\tex/latex/base\ifthen.sty
Package: ifthen 2022/04/13 v1.1d Standard LaTeX ifthen package (DPC)
)
\c@r@tfl@t=\count310
\rotFPtop=\skip69
\rotFPbot=\skip70
\rot@float@box=\box79
\rot@mess@toks=\toks36
)
(C:\Program Files\MiKTeX\tex/latex/hyperref\hyperref.sty
Package: hyperref 2023-02-07 v7.00v Hypertext links for LaTeX

(C:\Users\ni3054ch\AppData\Roaming\MiKTeX\tex/generic/ltxcmds\ltxcmds.sty
Package: ltxcmds 2020-05-10 v1.25 LaTeX kernel commands for general use (HO)
)
(C:\Program Files\MiKTeX\tex/generic/pdftexcmds\pdftexcmds.sty
Package: pdftexcmds 2020-06-27 v0.33 Utility functions of pdfTeX for LuaTeX (HO
)

(C:\Users\ni3054ch\AppData\Roaming\MiKTeX\tex/generic/infwarerr\infwarerr.sty
Package: infwarerr 2019/12/03 v1.5 Providing info/warning/error messages (HO)
)
Package pdftexcmds Info: \pdf@primitive is available.
Package pdftexcmds Info: \pdf@ifprimitive is available.
Package pdftexcmds Info: \pdfdraftmode found.
) (C:\Users\ni3054ch\AppData\Roaming\MiKTeX\tex/latex/kvsetkeys\kvsetkeys.sty
Package: kvsetkeys 2022-10-05 v1.19 Key value parser (HO)
)
(C:\Users\ni3054ch\AppData\Roaming\MiKTeX\tex/generic/kvdefinekeys\kvdefinekeys
.sty
Package: kvdefinekeys 2019-12-19 v1.6 Define keys (HO)
)
(C:\Users\ni3054ch\AppData\Roaming\MiKTeX\tex/generic/pdfescape\pdfescape.sty
Package: pdfescape 2019/12/09 v1.15 Implements pdfTeX's escape features (HO)
)
(C:\Users\ni3054ch\AppData\Roaming\MiKTeX\tex/latex/hycolor\hycolor.sty
Package: hycolor 2020-01-27 v1.10 Color options for hyperref/bookmark (HO)
)
(C:\Users\ni3054ch\AppData\Roaming\MiKTeX\tex/latex/letltxmacro\letltxmacro.sty
Package: letltxmacro 2019/12/03 v1.6 Let assignment for LaTeX macros (HO)
) (C:\Users\ni3054ch\AppData\Roaming\MiKTeX\tex/latex/auxhook\auxhook.sty
Package: auxhook 2019-12-17 v1.6 Hooks for auxiliary files (HO)
)
(C:\Program Files\MiKTeX\tex/latex/hyperref\nameref.sty
Package: nameref 2022-05-17 v2.50 Cross-referencing by name of section

(C:\Users\ni3054ch\AppData\Roaming\MiKTeX\tex/latex/refcount\refcount.sty
Package: refcount 2019/12/15 v3.6 Data extraction from label references (HO)
)
(C:\Users\ni3054ch\AppData\Roaming\MiKTeX\tex/generic/gettitlestring\gettitlest
ring.sty
Package: gettitlestring 2019/12/15 v1.6 Cleanup title references (HO)

(C:\Users\ni3054ch\AppData\Roaming\MiKTeX\tex/latex/kvoptions\kvoptions.sty
Package: kvoptions 2022-06-15 v3.15 Key value format for package options (HO)
))
\c@section@level=\count311
)
\@linkdim=\dimen263
\Hy@linkcounter=\count312
\Hy@pagecounter=\count313

(C:\Program Files\MiKTeX\tex/latex/hyperref\pd1enc.def
File: pd1enc.def 2023-02-07 v7.00v Hyperref: PDFDocEncoding definition (HO)
Now handling font encoding PD1 ...
... no UTF-8 mapping file for font encoding PD1
)
(C:\Users\ni3054ch\AppData\Roaming\MiKTeX\tex/generic/intcalc\intcalc.sty
Package: intcalc 2019/12/15 v1.3 Expandable calculations with integers (HO)
)
(C:\Users\ni3054ch\AppData\Roaming\MiKTeX\tex/generic/etexcmds\etexcmds.sty
Package: etexcmds 2019/12/15 v1.7 Avoid name clashes with e-TeX commands (HO)
)
\Hy@SavedSpaceFactor=\count314

(C:\Program Files\MiKTeX\tex/latex/hyperref\puenc.def
File: puenc.def 2023-02-07 v7.00v Hyperref: PDF Unicode definition (HO)
Now handling font encoding PU ...
... no UTF-8 mapping file for font encoding PU
)
Package hyperref Info: Hyper figures OFF on input line 4177.
Package hyperref Info: Link nesting OFF on input line 4182.
Package hyperref Info: Hyper index ON on input line 4185.
Package hyperref Info: Plain pages OFF on input line 4192.
Package hyperref Info: Backreferencing OFF on input line 4197.
Package hyperref Info: Implicit mode ON; LaTeX internals redefined.
Package hyperref Info: Bookmarks ON on input line 4425.
\c@Hy@tempcnt=\count315

(C:\Program Files\MiKTeX\tex/latex/url\url.sty
\Urlmuskip=\muskip17
Package: url 2013/09/16  ver 3.4  Verb mode for urls, etc.
)
LaTeX Info: Redefining \url on input line 4763.
\XeTeXLinkMargin=\dimen264

(C:\Users\ni3054ch\AppData\Roaming\MiKTeX\tex/generic/bitset\bitset.sty
Package: bitset 2019/12/09 v1.3 Handle bit-vector datatype (HO)

(C:\Users\ni3054ch\AppData\Roaming\MiKTeX\tex/generic/bigintcalc\bigintcalc.sty
Package: bigintcalc 2019/12/15 v1.5 Expandable calculations on big integers (HO
)
))
\Fld@menulength=\count316
\Field@Width=\dimen265
\Fld@charsize=\dimen266
Package hyperref Info: Hyper figures OFF on input line 6042.
Package hyperref Info: Link nesting OFF on input line 6047.
Package hyperref Info: Hyper index ON on input line 6050.
Package hyperref Info: backreferencing OFF on input line 6057.
Package hyperref Info: Link coloring OFF on input line 6062.
Package hyperref Info: Link coloring with OCG OFF on input line 6067.
Package hyperref Info: PDF/A mode OFF on input line 6072.
 (C:\Program Files\MiKTeX\tex/latex/base\atbegshi-ltx.sty
Package: atbegshi-ltx 2021/01/10 v1.0c Emulation of the original atbegshi
package with kernel methods
)
\Hy@abspage=\count317
\c@Item=\count318
\c@Hfootnote=\count319
)
Package hyperref Info: Driver (autodetected): hpdftex.

(C:\Program Files\MiKTeX\tex/latex/hyperref\hpdftex.def
File: hpdftex.def 2023-02-07 v7.00v Hyperref driver for pdfTeX

(C:\Program Files\MiKTeX\tex/latex/base\atveryend-ltx.sty
Package: atveryend-ltx 2020/08/19 v1.0a Emulation of the original atveryend pac
kage
with kernel methods
)
\Fld@listcount=\count320
\c@bookmark@seq@number=\count321

(C:\Users\ni3054ch\AppData\Roaming\MiKTeX\tex/latex/rerunfilecheck\rerunfileche
ck.sty
Package: rerunfilecheck 2022-07-10 v1.10 Rerun checks for auxiliary files (HO)

(C:\Users\ni3054ch\AppData\Roaming\MiKTeX\tex/generic/uniquecounter\uniquecount
er.sty
Package: uniquecounter 2019/12/15 v1.4 Provide unlimited unique counter (HO)
)
Package uniquecounter Info: New unique counter `rerunfilecheck' on input line 2
85.
)
\Hy@SectionHShift=\skip71
)
Package hyperref Info: Option `colorlinks' set `true' on input line 71.
 (dce_draft.aux

LaTeX Warning: Label `table:base_male' multiply defined.

)
\openout1 = `dce_draft.aux'.

LaTeX Font Info:    Checking defaults for OML/cmm/m/it on input line 85.
LaTeX Font Info:    ... okay on input line 85.
LaTeX Font Info:    Checking defaults for OMS/cmsy/m/n on input line 85.
LaTeX Font Info:    ... okay on input line 85.
LaTeX Font Info:    Checking defaults for OT1/cmr/m/n on input line 85.
LaTeX Font Info:    ... okay on input line 85.
LaTeX Font Info:    Checking defaults for T1/cmr/m/n on input line 85.
LaTeX Font Info:    ... okay on input line 85.
LaTeX Font Info:    Checking defaults for TS1/cmr/m/n on input line 85.
LaTeX Font Info:    ... okay on input line 85.
LaTeX Font Info:    Checking defaults for OMX/cmex/m/n on input line 85.
LaTeX Font Info:    ... okay on input line 85.
LaTeX Font Info:    Checking defaults for U/cmr/m/n on input line 85.
LaTeX Font Info:    ... okay on input line 85.
LaTeX Font Info:    Checking defaults for PD1/pdf/m/n on input line 85.
LaTeX Font Info:    ... okay on input line 85.
LaTeX Font Info:    Checking defaults for PU/pdf/m/n on input line 85.
LaTeX Font Info:    ... okay on input line 85.
 (C:\Program Files\MiKTeX\tex/context/base/mkii\supp-pdf.mkii
[Loading MPS to PDF converter (version 2006.09.02).]
\scratchcounter=\count322
\scratchdimen=\dimen267
\scratchbox=\box80
\nofMPsegments=\count323
\nofMParguments=\count324
\everyMPshowfont=\toks37
\MPscratchCnt=\count325
\MPscratchDim=\dimen268
\MPnumerator=\count326
\makeMPintoPDFobject=\count327
\everyMPtoPDFconversion=\toks38
) (C:\Program Files\MiKTeX\tex/latex/epstopdf-pkg\epstopdf-base.sty
Package: epstopdf-base 2020-01-24 v2.11 Base part for package epstopdf
Package epstopdf-base Info: Redefining graphics rule for `.eps' on input line 4
85.

(C:\Program Files\MiKTeX\tex/latex/00miktex\epstopdf-sys.cfg
File: epstopdf-sys.cfg 2021/03/18 v2.0 Configuration of epstopdf for MiKTeX
))
*geometry* driver: auto-detecting
*geometry* detected driver: pdftex
*geometry* verbose mode - [ preamble ] result:
* driver: pdftex
* paper: custom
* layout: <same size as paper>
* layoutoffset:(h,v)=(0.0pt,0.0pt)
* hratio: 1:1
* vratio: 1:1
* modes: 
* h-part:(L,W,R)=(64.75394pt, 468.0pt, 64.75394pt)
* v-part:(T,H,B)=(111.52342pt, 622.0pt, 111.52342pt)
* \paperwidth=597.50787pt
* \paperheight=845.04684pt
* \textwidth=468.0pt
* \textheight=622.0pt
* \oddsidemargin=-7.51605pt
* \evensidemargin=-7.51605pt
* \topmargin=-22.74657pt
* \headheight=50.0pt
* \headsep=12.0pt
* \topskip=11.0pt
* \footskip=18.0pt
* \marginparwidth=59.0pt
* \marginparsep=10.0pt
* \columnsep=24.0pt
* \skip\footins=24.0pt plus 2.0pt minus 12.0pt
* \hoffset=0.0pt
* \voffset=0.0pt
* \mag=1000
* \@twocolumnfalse
* \@twosidefalse
* \@mparswitchfalse
* \@reversemarginfalse
* (1in=72.27pt=25.4mm, 1cm=28.453pt)

Package caption Info: Begin \AtBeginDocument code.
Package caption Info: hyperref package is loaded.
Package caption Info: rotating package is loaded.
Package caption Info: End \AtBeginDocument code.
Package hyperref Info: Link coloring ON on input line 85.
(dce_draft.out) (dce_draft.out)
\@outlinefile=\write4
\openout4 = `dce_draft.out'.

LaTeX Font Info:    Trying to load font information for U+msa on input line 208
.

(C:\Program Files\MiKTeX\tex/latex/amsfonts\umsa.fd
File: umsa.fd 2013/01/14 v3.01 AMS symbols A
)
LaTeX Font Info:    Trying to load font information for U+msb on input line 208
.

(C:\Program Files\MiKTeX\tex/latex/amsfonts\umsb.fd
File: umsb.fd 2013/01/14 v3.01 AMS symbols B
) [1

{C:/Users/ni3054ch/AppData/Local/MiKTeX/fonts/map/pdftex/pdftex.map}] [2]
<figures/survey_location.png, id=83, 356.532pt x 525.162pt>
File: figures/survey_location.png Graphic file (type png)
<use figures/survey_location.png>
Package pdftex.def Info: figures/survey_location.png  used on input line 290.
(pdftex.def)             Requested size: 178.26555pt x 262.58035pt.

Overfull \hbox (37.86412pt too wide) in paragraph at lines 290--291
 [][] 
 []


Package wrapfig Warning: Stationary wrapfigure forced to float on input line 29
5.

[3 <./figures/survey_location.png>] (tables/att.tex
Underfull \hbox (badness 10000) in paragraph at lines 10--10
[]|\OT1/cmr/m/n/8 Distance to green area
 []


Underfull \hbox (badness 6825) in paragraph at lines 20--20
[]|\OT1/cmr/m/n/8 Distance to trans-porta-tion
 []

) [4]
<figures/choice_set.png, id=138, 2650.90375pt x 891.33pt>
File: figures/choice_set.png Graphic file (type png)
<use figures/choice_set.png>
Package pdftex.def Info: figures/choice_set.png  used on input line 365.
(pdftex.def)             Requested size: 530.17137pt x 178.26283pt.

Overfull \hbox (62.17137pt too wide) in paragraph at lines 365--366
 [][] 
 []

[5 <./figures/choice_set.png>] [6] [7] (tables/base_reg_owner.tex) [8]
(tables/base_reg_renter.tex) (tables/base_reg_male.tex

LaTeX Warning: `h' float specifier changed to `ht'.

) (tables/base_reg_female.tex

LaTeX Warning: `h' float specifier changed to `ht'.

) (tables/base_reg_55_64.tex) (tables/base_reg_65_74.tex)
(tables/base_reg_75.tex) [9] [10] [11] [12] [13] [14]
<figures/wtp_combined_side_by_side.png, id=247, 867.24pt x 433.62pt>
File: figures/wtp_combined_side_by_side.png Graphic file (type png)
<use figures/wtp_combined_side_by_side.png>
Package pdftex.def Info: figures/wtp_combined_side_by_side.png  used on input l
ine 567.
(pdftex.def)             Requested size: 346.88986pt x 173.44492pt.
 [15

 <./figures/wtp_combined_side_by_side.png>] [16] (dce_draft.bbl [17]) [18] (dce
_draft.aux)

LaTeX Warning: There were multiply-defined labels.

Package rerunfilecheck Info: File `dce_draft.out' has not changed.
(rerunfilecheck)             Checksum: F0B1E3A29270D995BBDEC7440C33B53A;1408.
 ) 
Here is how much of TeX's memory you used:
 15477 strings out of 476331
 254071 string characters out of 5797571
 1969660 words of memory out of 5000000
 35529 multiletter control sequences out of 15000+600000
 526239 words of font info for 85 fonts, out of 8000000 for 9000
 1141 hyphenation exceptions out of 8191
 75i,12n,76p,1143b,611s stack positions out of 10000i,1000n,20000p,200000b,200000s
 <C:\Users\ni3054ch\AppData\Local\MiKTeX\fonts/pk/ljfour/jknappen/ec/dpi600\t
crm0800.pk><C:/Program Files/MiKTeX/fonts/type1/public/amsfonts/cm/cmbx10.pfb><
C:/Program Files/MiKTeX/fonts/type1/public/amsfonts/cm/cmbx8.pfb><C:/Program Fi
les/MiKTeX/fonts/type1/public/amsfonts/cm/cmex10.pfb><C:/Program Files/MiKTeX/f
onts/type1/public/amsfonts/cm/cmmi10.pfb><C:/Program Files/MiKTeX/fonts/type1/p
ublic/amsfonts/cm/cmmi6.pfb><C:/Program Files/MiKTeX/fonts/type1/public/amsfont
s/cm/cmmi8.pfb><C:/Program Files/MiKTeX/fonts/type1/public/amsfonts/cm/cmmib10.
pfb><C:/Program Files/MiKTeX/fonts/type1/public/amsfonts/cm/cmr10.pfb><C:/Progr
am Files/MiKTeX/fonts/type1/public/amsfonts/cm/cmr12.pfb><C:/Program Files/MiKT
eX/fonts/type1/public/amsfonts/cm/cmr6.pfb><C:/Program Files/MiKTeX/fonts/type1
/public/amsfonts/cm/cmr8.pfb><C:/Program Files/MiKTeX/fonts/type1/public/amsfon
ts/cm/cmr9.pfb><C:/Program Files/MiKTeX/fonts/type1/public/amsfonts/cm/cmsy10.p
fb><C:/Program Files/MiKTeX/fonts/type1/public/amsfonts/cm/cmsy5.pfb><C:/Progra
m Files/MiKTeX/fonts/type1/public/amsfonts/cm/cmsy6.pfb><C:/Program Files/MiKTe
X/fonts/type1/public/amsfonts/cm/cmsy8.pfb><C:/Program Files/MiKTeX/fonts/type1
/public/amsfonts/cm/cmti10.pfb><C:/Program Files/MiKTeX/fonts/type1/public/amsf
onts/cm/cmti7.pfb><C:/Program Files/MiKTeX/fonts/type1/public/amsfonts/cm/cmti8
.pfb><C:/Program Files/MiKTeX/fonts/type1/public/amsfonts/cm/cmti9.pfb><C:/Prog
ram Files/MiKTeX/fonts/type1/public/amsfonts/cm/cmtt10.pfb><C:/Program Files/Mi
KTeX/fonts/type1/public/amsfonts/cm/cmtt9.pfb>
Output written on dce_draft.pdf (18 pages, 749481 bytes).
PDF statistics:
 414 PDF objects out of 1000 (max. 8388607)
 78 named destinations out of 1000 (max. 500000)
 104 words of extra memory for PDF output out of 10000 (max. 10000000)

